<?xml version="1.0" encoding="UTF-8"?>
<!-- Generated by org.testng.reporters.JUnitXMLReporter -->
<testsuite hostname="ashish" ignored="0" name="Test" tests="1" failures="1" timestamp="07 Jul 2018 06:19:15 GMT" time="0.405" errors="0">
  <testcase name="test" time="0.323" classname="com.test.TestDemo">
    <failure type="java.lang.NullPointerException">
      <![CDATA[java.lang.NullPointerException
at com.google.common.base.Preconditions.checkNotNull(Preconditions.java:787)
at org.openqa.selenium.support.ui.FluentWait.<init>(FluentWait.java:96)
at org.openqa.selenium.support.ui.WebDriverWait.<init>(WebDriverWait.java:72)
at org.openqa.selenium.support.ui.WebDriverWait.<init>(WebDriverWait.java:46)
at com.test.TestDemo.test(TestDemo.java:17)
... Removed 25 stack frames]]>
    </failure>
  </testcase> <!-- test -->
</testsuite> <!-- Test -->
