<?xml version="1.0" encoding="UTF-8"?>
<!-- Generated by org.testng.reporters.JUnitXMLReporter -->
<testsuite hostname="ashish" ignored="2" name="tests" tests="2" failures="2" timestamp="07 Jul 2018 10:19:21 GMT" time="0.42" errors="0">
  <testcase name="test" time="0.32" classname="com.test.TestDemo2">
    <failure type="java.lang.NullPointerException">
      <![CDATA[java.lang.NullPointerException
at com.google.common.base.Preconditions.checkNotNull(Preconditions.java:787)
at org.openqa.selenium.support.ui.FluentWait.<init>(FluentWait.java:96)
at org.openqa.selenium.support.ui.WebDriverWait.<init>(WebDriverWait.java:72)
at org.openqa.selenium.support.ui.WebDriverWait.<init>(WebDriverWait.java:46)
at com.test.TestDemo2.test(TestDemo2.java:17)
... Removed 25 stack frames]]>
    </failure>
  </testcase> <!-- test -->
  <testcase name="test" time="0.01" classname="com.test.TestDemo3">
    <failure type="java.lang.NullPointerException">
      <![CDATA[java.lang.NullPointerException
at com.google.common.base.Preconditions.checkNotNull(Preconditions.java:787)
at org.openqa.selenium.support.ui.FluentWait.<init>(FluentWait.java:96)
at org.openqa.selenium.support.ui.WebDriverWait.<init>(WebDriverWait.java:72)
at org.openqa.selenium.support.ui.WebDriverWait.<init>(WebDriverWait.java:46)
at com.test.TestDemo3.test(TestDemo3.java:17)
... Removed 25 stack frames]]>
    </failure>
  </testcase> <!-- test -->
  <testcase name="test" time="0.0" classname="com.test.TestDemo">
    <ignored/>
  </testcase> <!-- test -->
  <testcase name="test" time="0.0" classname="com.test.TestDemo4">
    <ignored/>
  </testcase> <!-- test -->
</testsuite> <!-- tests -->
