<?xml version="1.0" encoding="UTF-8"?>
<!-- Generated by org.testng.reporters.JUnitXMLReporter -->
<testsuite hostname="ashish" ignored="0" name="test2" tests="1" failures="1" timestamp="07 Jul 2018 05:51:05 GMT" time="0.5" errors="0">
  <testcase name="test" time="0.39" classname="com.test.TestDemo3">
    <failure type="java.lang.NullPointerException">
      <![CDATA[java.lang.NullPointerException
at com.google.common.base.Preconditions.checkNotNull(Preconditions.java:787)
at org.openqa.selenium.support.ui.FluentWait.<init>(FluentWait.java:96)
at org.openqa.selenium.support.ui.WebDriverWait.<init>(WebDriverWait.java:72)
at org.openqa.selenium.support.ui.WebDriverWait.<init>(WebDriverWait.java:46)
at com.test.TestDemo3.test(TestDemo3.java:17)
at java.util.concurrent.FutureTask.run(FutureTask.java:266)
at java.util.concurrent.ThreadPoolExecutor.runWorker(ThreadPoolExecutor.java:1149)
at java.util.concurrent.ThreadPoolExecutor$Worker.run(ThreadPoolExecutor.java:624)
at java.lang.Thread.run(Thread.java:748)
... Removed 16 stack frames]]>
    </failure>
  </testcase> <!-- test -->
</testsuite> <!-- test2 -->
